0 info it worked if it ends with ok
1 verbose cli [ 'C:\\Program Files\\nodejs\\node.exe',
1 verbose cli   'C:\\Program Files\\nodejs\\node_modules\\npm\\bin\\npm-cli.js',
1 verbose cli   'run',
1 verbose cli   'test' ]
2 info using npm@3.10.10
3 info using node@v6.10.2
4 verbose run-script [ 'pretest', 'test', 'posttest' ]
5 info lifecycle ts-jsonify@0.1.5~pretest: ts-jsonify@0.1.5
6 silly lifecycle ts-jsonify@0.1.5~pretest: no script for pretest, continuing
7 info lifecycle ts-jsonify@0.1.5~test: ts-jsonify@0.1.5
8 verbose lifecycle ts-jsonify@0.1.5~test: unsafe-perm in lifecycle true
9 verbose lifecycle ts-jsonify@0.1.5~test: PATH: C:\Program Files\nodejs\node_modules\npm\bin\node-gyp-bin;C:\Users\staubs\Documents\Projects\ts-json\node_modules\.bin;C:\ProgramData\Oracle\Java\javapath;C:\Program Files\Oculus\Support\oculus-runtime;C:\Program Files\ImageMagick-7.0.6-Q16;C:\WINDOWS\system32;C:\WINDOWS;C:\WINDOWS\System32\Wbem;C:\WINDOWS\System32\WindowsPowerShell\v1.0\;C:\Program Files\nodejs\;C:\Program Files\Microsoft SQL Server\130\Tools\Binn\;C:\Program Files\dotnet\;C:\Program Files (x86)\GtkSharp\2.12\bin;C:\Program Files\Microsoft\Web Platform Installer\;C:\Program Files\Microsoft Service Fabric\bin\Fabric\Fabric.Code;C:\Program Files\Microsoft SDKs\Service Fabric\Tools\ServiceFabricLocalClusterManager;C:\Program Files\Git\cmd;C:\WINDOWS\system32;C:\WINDOWS;C:\WINDOWS\System32\Wbem;C:\WINDOWS\System32\WindowsPowerShell\v1.0\;C:\Users\staubs\AppData\Local\Microsoft\WindowsApps;C:\Users\staubs\AppData\Local\GitHubDesktop\bin;%USERPROFILE%\AppData\Local\Microsoft\WindowsApps;
10 verbose lifecycle ts-jsonify@0.1.5~test: CWD: C:\Users\staubs\Documents\Projects\ts-json
11 silly lifecycle ts-jsonify@0.1.5~test: Args: [ '/d /s /c', 'jasmine-ts "specs/**/*.spec.ts"' ]
12 silly lifecycle ts-jsonify@0.1.5~test: Returned: code: 1  signal: null
13 info lifecycle ts-jsonify@0.1.5~test: Failed to exec test script
14 verbose stack Error: ts-jsonify@0.1.5 test: `jasmine-ts "specs/**/*.spec.ts"`
14 verbose stack Exit status 1
14 verbose stack     at EventEmitter.<anonymous> (C:\Program Files\nodejs\node_modules\npm\lib\utils\lifecycle.js:255:16)
14 verbose stack     at emitTwo (events.js:106:13)
14 verbose stack     at EventEmitter.emit (events.js:191:7)
14 verbose stack     at ChildProcess.<anonymous> (C:\Program Files\nodejs\node_modules\npm\lib\utils\spawn.js:40:14)
14 verbose stack     at emitTwo (events.js:106:13)
14 verbose stack     at ChildProcess.emit (events.js:191:7)
14 verbose stack     at maybeClose (internal/child_process.js:886:16)
14 verbose stack     at Process.ChildProcess._handle.onexit (internal/child_process.js:226:5)
15 verbose pkgid ts-jsonify@0.1.5
16 verbose cwd C:\Users\staubs\Documents\Projects\ts-json
17 error Windows_NT 10.0.16299
18 error argv "C:\\Program Files\\nodejs\\node.exe" "C:\\Program Files\\nodejs\\node_modules\\npm\\bin\\npm-cli.js" "run" "test"
19 error node v6.10.2
20 error npm  v3.10.10
21 error code ELIFECYCLE
22 error ts-jsonify@0.1.5 test: `jasmine-ts "specs/**/*.spec.ts"`
22 error Exit status 1
23 error Failed at the ts-jsonify@0.1.5 test script 'jasmine-ts "specs/**/*.spec.ts"'.
23 error Make sure you have the latest version of node.js and npm installed.
23 error If you do, this is most likely a problem with the ts-jsonify package,
23 error not with npm itself.
23 error Tell the author that this fails on your system:
23 error     jasmine-ts "specs/**/*.spec.ts"
23 error You can get information on how to open an issue for this project with:
23 error     npm bugs ts-jsonify
23 error Or if that isn't available, you can get their info via:
23 error     npm owner ls ts-jsonify
23 error There is likely additional logging output above.
24 verbose exit [ 1, true ]
